app/build/intermediates/manifest_merge_blame_file/debug/processDebugMainManifest/manifest-merger-blame-debug-report.txt
1<?xml version="1.0" encoding="utf-8"?>
2<manifest xmlns:android="http://schemas.android.com/apk/res/android"
3    package="com.noteandrecall"
4    android:versionCode="47"
5    android:versionName="1.0" >
6
7    <uses-sdk
8        android:minSdkVersion="26"
9        android:targetSdkVersion="35" />
10
11    <uses-permission android:name="android.permission.RECORD_AUDIO" />
11-->src/main/AndroidManifest.xml:3:5-71
11-->src/main/AndroidManifest.xml:3:22-68
12    <uses-permission android:name="android.permission.CAMERA" />
12-->src/main/AndroidManifest.xml:4:5-65
12-->src/main/AndroidManifest.xml:4:22-62
13    <uses-permission android:name="android.permission.VIBRATE" />
13-->src/main/AndroidManifest.xml:5:5-66
13-->src/main/AndroidManifest.xml:5:22-63
14    <uses-permission android:name="android.permission.READ_MEDIA_IMAGES" />
14-->src/main/AndroidManifest.xml:6:5-76
14-->src/main/AndroidManifest.xml:6:22-73
15    <uses-permission
15-->src/main/AndroidManifest.xml:7:5-8:38
16        android:name="android.permission.READ_EXTERNAL_STORAGE"
16-->src/main/AndroidManifest.xml:7:22-77
17        android:maxSdkVersion="32" />
17-->src/main/AndroidManifest.xml:8:9-35
18    <uses-permission android:name="android.permission.ACCESS_FINE_LOCATION" />
18-->src/main/AndroidManifest.xml:9:5-79
18-->src/main/AndroidManifest.xml:9:22-76
19    <uses-permission android:name="android.permission.INTERNET" />
19-->src/main/AndroidManifest.xml:10:5-67
19-->src/main/AndroidManifest.xml:10:22-64
20
21    <uses-feature
21-->src/main/AndroidManifest.xml:12:5-85
22        android:name="android.hardware.camera"
22-->src/main/AndroidManifest.xml:12:19-57
23        android:required="false" />
23-->src/main/AndroidManifest.xml:12:58-82
24
25    <permission
25-->[androidx.core:core:1.15.0] AndroidManifest.xml:22:5-24:47
26        android:name="com.noteandrecall.DYNAMIC_RECEIVER_NOT_EXPORTED_PERMISSION"
26-->[androidx.core:core:1.15.0] AndroidManifest.xml:23:9-81
27        android:protectionLevel="signature" />
27-->[androidx.core:core:1.15.0] AndroidManifest.xml:24:9-44
28
29    <uses-permission android:name="com.noteandrecall.DYNAMIC_RECEIVER_NOT_EXPORTED_PERMISSION" />
29-->[androidx.core:core:1.15.0] AndroidManifest.xml:26:5-97
29-->[androidx.core:core:1.15.0] AndroidManifest.xml:26:22-94
30
31    <application
31-->src/main/AndroidManifest.xml:14:5-40:19
32        android:name="com.noteandrecall.NoteAndRecallApp"
32-->src/main/AndroidManifest.xml:15:9-41
33        android:allowBackup="true"
33-->src/main/AndroidManifest.xml:16:9-35
34        android:appComponentFactory="androidx.core.app.CoreComponentFactory"
34-->[androidx.core:core:1.15.0] AndroidManifest.xml:28:18-86
35        android:debuggable="true"
36        android:extractNativeLibs="false"
37        android:icon="@mipmap/ic_launcher"
37-->src/main/AndroidManifest.xml:17:9-43
38        android:label="@string/app_name"
38-->src/main/AndroidManifest.xml:18:9-41
39        android:supportsRtl="true"
39-->src/main/AndroidManifest.xml:19:9-35
40        android:theme="@style/Theme.NoteAndRecall" >
40-->src/main/AndroidManifest.xml:20:9-51
41        <activity
41-->src/main/AndroidManifest.xml:21:9-29:20
42            android:name="com.noteandrecall.MainActivity"
42-->src/main/AndroidManifest.xml:22:13-41
43            android:exported="true"
43-->src/main/AndroidManifest.xml:23:13-36
44            android:windowSoftInputMode="adjustResize" >
44-->src/main/AndroidManifest.xml:24:13-55
45            <intent-filter>
45-->src/main/AndroidManifest.xml:25:13-28:29
46                <action android:name="android.intent.action.MAIN" />
46-->src/main/AndroidManifest.xml:26:17-69
46-->src/main/AndroidManifest.xml:26:25-66
47
48                <category android:name="android.intent.category.LAUNCHER" />
48-->src/main/AndroidManifest.xml:27:17-77
48-->src/main/AndroidManifest.xml:27:27-74
49            </intent-filter>
50        </activity>
51
52        <provider
53            android:name="androidx.core.content.FileProvider"
53-->src/main/AndroidManifest.xml:32:13-62
54            android:authorities="com.noteandrecall.fileprovider"
54-->src/main/AndroidManifest.xml:33:13-64
55            android:exported="false"
55-->src/main/AndroidManifest.xml:34:13-37
56            android:grantUriPermissions="true" >
56-->src/main/AndroidManifest.xml:35:13-47
57            <meta-data
57-->src/main/AndroidManifest.xml:36:13-38:54
58                android:name="android.support.FILE_PROVIDER_PATHS"
58-->src/main/AndroidManifest.xml:37:17-67
59                android:resource="@xml/file_paths" />
59-->src/main/AndroidManifest.xml:38:17-51
60        </provider>
61
62        <activity
62-->[com.google.android.gms:play-services-base:18.5.0] AndroidManifest.xml:5:9-173
63            android:name="com.google.android.gms.common.api.GoogleApiActivity"
63-->[com.google.android.gms:play-services-base:18.5.0] AndroidManifest.xml:5:19-85
64            android:exported="false"
64-->[com.google.android.gms:play-services-base:18.5.0] AndroidManifest.xml:5:146-170
65            android:theme="@android:style/Theme.Translucent.NoTitleBar" />
65-->[com.google.android.gms:play-services-base:18.5.0] AndroidManifest.xml:5:86-145
66
67        <meta-data
67-->[com.google.android.gms:play-services-basement:18.4.0] AndroidManifest.xml:6:9-122
68            android:name="com.google.android.gms.version"
68-->[com.google.android.gms:play-services-basement:18.4.0] AndroidManifest.xml:6:20-65
69            android:value="@integer/google_play_services_version" />
69-->[com.google.android.gms:play-services-basement:18.4.0] AndroidManifest.xml:6:66-119
70
71        <activity
71-->[androidx.compose.ui:ui-tooling-android:1.7.6] AndroidManifest.xml:23:9-25:39
72            android:name="androidx.compose.ui.tooling.PreviewActivity"
72-->[androidx.compose.ui:ui-tooling-android:1.7.6] AndroidManifest.xml:24:13-71
73            android:exported="true" />
73-->[androidx.compose.ui:ui-tooling-android:1.7.6] AndroidManifest.xml:25:13-36
74
75        <provider
75-->[androidx.emoji2:emoji2:1.3.0] AndroidManifest.xml:24:9-32:20
76            android:name="androidx.startup.InitializationProvider"
76-->[androidx.emoji2:emoji2:1.3.0] AndroidManifest.xml:25:13-67
77            android:authorities="com.noteandrecall.androidx-startup"
77-->[androidx.emoji2:emoji2:1.3.0] AndroidManifest.xml:26:13-68
78            android:exported="false" >
78-->[androidx.emoji2:emoji2:1.3.0] AndroidManifest.xml:27:13-37
79            <meta-data
79-->[androidx.emoji2:emoji2:1.3.0] AndroidManifest.xml:29:13-31:52
80                android:name="androidx.emoji2.text.EmojiCompatInitializer"
80-->[androidx.emoji2:emoji2:1.3.0] AndroidManifest.xml:30:17-75
81                android:value="androidx.startup" />
81-->[androidx.emoji2:emoji2:1.3.0] AndroidManifest.xml:31:17-49
82            <meta-data
82-->[androidx.lifecycle:lifecycle-process:2.8.7] AndroidManifest.xml:29:13-31:52
83                android:name="androidx.lifecycle.ProcessLifecycleInitializer"
83-->[androidx.lifecycle:lifecycle-process:2.8.7] AndroidManifest.xml:30:17-78
84                android:value="androidx.startup" />
84-->[androidx.lifecycle:lifecycle-process:2.8.7] AndroidManifest.xml:31:17-49
85            <meta-data
85-->[androidx.profileinstaller:profileinstaller:1.3.1] AndroidManifest.xml:29:13-31:52
86                android:name="androidx.profileinstaller.ProfileInstallerInitializer"
86-->[androidx.profileinstaller:profileinstaller:1.3.1] AndroidManifest.xml:30:17-85
87                android:value="androidx.startup" />
87-->[androidx.profileinstaller:profileinstaller:1.3.1] AndroidManifest.xml:31:17-49
88        </provider>
89
90        <service
90-->[androidx.room:room-runtime:2.6.1] AndroidManifest.xml:24:9-28:63
91            android:name="androidx.room.MultiInstanceInvalidationService"
91-->[androidx.room:room-runtime:2.6.1] AndroidManifest.xml:25:13-74
92            android:directBootAware="true"
92-->[androidx.room:room-runtime:2.6.1] AndroidManifest.xml:26:13-43
93            android:exported="false" />
93-->[androidx.room:room-runtime:2.6.1] AndroidManifest.xml:27:13-37
94
95        <receiver
95-->[androidx.profileinstaller:profileinstaller:1.3.1] AndroidManifest.xml:34:9-52:20
96            android:name="androidx.profileinstaller.ProfileInstallReceiver"
96-->[androidx.profileinstaller:profileinstaller:1.3.1] AndroidManifest.xml:35:13-76
97            android:directBootAware="false"
97-->[androidx.profileinstaller:profileinstaller:1.3.1] AndroidManifest.xml:36:13-44
98            android:enabled="true"
98-->[androidx.profileinstaller:profileinstaller:1.3.1] AndroidManifest.xml:37:13-35
99            android:exported="true"
99-->[androidx.profileinstaller:profileinstaller:1.3.1] AndroidManifest.xml:38:13-36
100            android:permission="android.permission.DUMP" >
100-->[androidx.profileinstaller:profileinstaller:1.3.1] AndroidManifest.xml:39:13-57
101            <intent-filter>
101-->[androidx.profileinstaller:profileinstaller:1.3.1] AndroidManifest.xml:40:13-42:29
102                <action android:name="androidx.profileinstaller.action.INSTALL_PROFILE" />
102-->[androidx.profileinstaller:profileinstaller:1.3.1] AndroidManifest.xml:41:17-91
102-->[androidx.profileinstaller:profileinstaller:1.3.1] AndroidManifest.xml:41:25-88
103            </intent-filter>
104            <intent-filter>
104-->[androidx.profileinstaller:profileinstaller:1.3.1] AndroidManifest.xml:43:13-45:29
105                <action android:name="androidx.profileinstaller.action.SKIP_FILE" />
105-->[androidx.profileinstaller:profileinstaller:1.3.1] AndroidManifest.xml:44:17-85
105-->[androidx.profileinstaller:profileinstaller:1.3.1] AndroidManifest.xml:44:25-82
106            </intent-filter>
107            <intent-filter>
107-->[androidx.profileinstaller:profileinstaller:1.3.1] AndroidManifest.xml:46:13-48:29
108                <action android:name="androidx.profileinstaller.action.SAVE_PROFILE" />
108-->[androidx.profileinstaller:profileinstaller:1.3.1] AndroidManifest.xml:47:17-88
108-->[androidx.profileinstaller:profileinstaller:1.3.1] AndroidManifest.xml:47:25-85
109            </intent-filter>
110            <intent-filter>
110-->[androidx.profileinstaller:profileinstaller:1.3.1] AndroidManifest.xml:49:13-51:29
111                <action android:name="androidx.profileinstaller.action.BENCHMARK_OPERATION" />
111-->[androidx.profileinstaller:profileinstaller:1.3.1] AndroidManifest.xml:50:17-95
111-->[androidx.profileinstaller:profileinstaller:1.3.1] AndroidManifest.xml:50:25-92
112            </intent-filter>
113        </receiver>
114    </application>
115
116</manifest>